{"C:\\Users\\tinsa\\SlideWiki\\import-service-load-test\\test\\loadtest.spec.js":{"path":"C:\\Users\\tinsa\\SlideWiki\\import-service-load-test\\test\\loadtest.spec.js","s":{"1":1,"2":1,"3":1,"4":1,"5":1,"6":1,"7":1,"8":1,"9":0,"10":0,"11":0,"12":0,"13":0,"14":0,"15":0,"16":0,"17":0,"18":0,"19":0,"20":0,"21":0},"b":{"1":[0,0]},"f":{},"fnMap":{},"statementMap":{"1":{"start":{"line":1,"column":0},"end":{"line":1,"column":29}},"2":{"start":{"line":2,"column":0},"end":{"line":2,"column":51}},"3":{"start":{"line":3,"column":0},"end":{"line":3,"column":48}},"4":{"start":{"line":4,"column":0},"end":{"line":4,"column":34}},"5":{"start":{"line":5,"column":0},"end":{"line":5,"column":25}},"6":{"start":{"line":7,"column":0},"end":{"line":7,"column":25}},"7":{"start":{"line":8,"column":0},"end":{"line":8,"column":14}},"8":{"start":{"line":10,"column":0},"end":{"line":33,"column":2}},"9":{"start":{"line":11,"column":1},"end":{"line":19,"column":3}},"10":{"start":{"line":12,"column":2},"end":{"line":18,"column":4}},"11":{"start":{"line":13,"column":3},"end":{"line":13,"column":54}},"12":{"start":{"line":13,"column":32},"end":{"line":13,"column":54}},"13":{"start":{"line":14,"column":3},"end":{"line":14,"column":55}},"14":{"start":{"line":15,"column":3},"end":{"line":15,"column":56}},"15":{"start":{"line":17,"column":3},"end":{"line":17,"column":101}},"16":{"start":{"line":21,"column":1},"end":{"line":25,"column":3}},"17":{"start":{"line":22,"column":2},"end":{"line":24,"column":4}},"18":{"start":{"line":23,"column":3},"end":{"line":23,"column":170}},"19":{"start":{"line":27,"column":1},"end":{"line":32,"column":3}},"20":{"start":{"line":28,"column":2},"end":{"line":31,"column":4}},"21":{"start":{"line":30,"column":3},"end":{"line":30,"column":153}}},"branchMap":{"1":{"line":13,"type":"if","locations":[{"start":{"line":13,"column":3},"end":{"line":13,"column":3}},{"start":{"line":13,"column":3},"end":{"line":13,"column":3}}]}}}}